<?xml version="1.0" encoding="UTF-8"?>
<testsuites tests="2" failures="0" disabled="0" errors="0" time="0" timestamp="2022-03-17T11:49:00.520" name="AllTests">
  <testsuite name="SumTest" tests="2" failures="0" disabled="0" skipped="0" errors="0" time="0" timestamp="2022-03-17T11:49:00.520">
    <testcase name="PositiveNos" status="run" result="completed" time="0" timestamp="2022-03-17T11:49:00.520" classname="SumTest" />
    <testcase name="NegativeNos" status="run" result="completed" time="0" timestamp="2022-03-17T11:49:00.520" classname="SumTest" />
  </testsuite>
</testsuites>
